2024-11-29 10:58:02,719 INFO: Received request for /tables endpoint [in C:\Users\utkuc\Desktop\Tobb Etü\3.Sýnýf 2.Dönem\BIL 372\PROJE\Git-STMS\STSM\api.py:83]
2024-11-29 10:58:02,729 INFO: Returning tables: ['coaches', 'matches', 'players', 'referees', 'referees_in_match', 'sports', 'team_coached', 'team_match_participation', 'team_tournament_participation', 'teams', 'tournaments'] [in C:\Users\utkuc\Desktop\Tobb Etü\3.Sýnýf 2.Dönem\BIL 372\PROJE\Git-STMS\STSM\api.py:93]
2024-11-29 10:58:04,548 INFO: Fetching data for table: coaches [in C:\Users\utkuc\Desktop\Tobb Etü\3.Sýnýf 2.Dönem\BIL 372\PROJE\Git-STMS\STSM\api.py:104]
2024-11-29 10:58:04,558 INFO: Fetching schema for table: coaches [in C:\Users\utkuc\Desktop\Tobb Etü\3.Sýnýf 2.Dönem\BIL 372\PROJE\Git-STMS\STSM\api.py:129]
2024-11-29 10:58:06,611 INFO: Fetching data for table: matches [in C:\Users\utkuc\Desktop\Tobb Etü\3.Sýnýf 2.Dönem\BIL 372\PROJE\Git-STMS\STSM\api.py:104]
2024-11-29 10:58:06,611 INFO: Fetching schema for table: matches [in C:\Users\utkuc\Desktop\Tobb Etü\3.Sýnýf 2.Dönem\BIL 372\PROJE\Git-STMS\STSM\api.py:129]
2024-11-29 10:58:09,391 INFO: Fetching data for table: players [in C:\Users\utkuc\Desktop\Tobb Etü\3.Sýnýf 2.Dönem\BIL 372\PROJE\Git-STMS\STSM\api.py:104]
2024-11-29 10:58:09,391 INFO: Fetching schema for table: players [in C:\Users\utkuc\Desktop\Tobb Etü\3.Sýnýf 2.Dönem\BIL 372\PROJE\Git-STMS\STSM\api.py:129]
2024-11-29 10:58:22,859 INFO: Searching data in table players with parameters {'last_name': 'Garcia'} [in C:\Users\utkuc\Desktop\Tobb Etü\3.Sýnýf 2.Dönem\BIL 372\PROJE\Git-STMS\STSM\api.py:239]
2024-11-29 10:59:15,464 INFO: Searching data in table players with parameters {'age': '30'} [in C:\Users\utkuc\Desktop\Tobb Etü\3.Sýnýf 2.Dönem\BIL 372\PROJE\Git-STMS\STSM\api.py:239]
2024-11-29 10:59:22,669 INFO: Searching data in table players with parameters {'age': '<30'} [in C:\Users\utkuc\Desktop\Tobb Etü\3.Sýnýf 2.Dönem\BIL 372\PROJE\Git-STMS\STSM\api.py:239]
2024-11-29 10:59:26,413 INFO: Searching data in table players with parameters {'age': '30'} [in C:\Users\utkuc\Desktop\Tobb Etü\3.Sýnýf 2.Dönem\BIL 372\PROJE\Git-STMS\STSM\api.py:239]
2024-11-29 10:59:31,657 INFO: Fetching data for table: team_tournament_participation [in C:\Users\utkuc\Desktop\Tobb Etü\3.Sýnýf 2.Dönem\BIL 372\PROJE\Git-STMS\STSM\api.py:104]
2024-11-29 10:59:31,657 INFO: Fetching schema for table: team_tournament_participation [in C:\Users\utkuc\Desktop\Tobb Etü\3.Sýnýf 2.Dönem\BIL 372\PROJE\Git-STMS\STSM\api.py:129]
2024-11-29 10:59:40,800 INFO: Searching data in table team_tournament_participation with parameters {'team_id': '74'} [in C:\Users\utkuc\Desktop\Tobb Etü\3.Sýnýf 2.Dönem\BIL 372\PROJE\Git-STMS\STSM\api.py:239]
2024-11-29 11:03:25,147 INFO: Fetching data for table: team_tournament_participation [in C:\Users\utkuc\Desktop\Tobb Etü\3.Sýnýf 2.Dönem\BIL 372\PROJE\Git-STMS\STSM\api.py:104]
2024-11-29 11:03:27,469 INFO: Searching data in table team_tournament_participation with parameters {'team_id': '1'} [in C:\Users\utkuc\Desktop\Tobb Etü\3.Sýnýf 2.Dönem\BIL 372\PROJE\Git-STMS\STSM\api.py:239]
2024-11-29 11:03:47,548 INFO: Fetching data for table: teams [in C:\Users\utkuc\Desktop\Tobb Etü\3.Sýnýf 2.Dönem\BIL 372\PROJE\Git-STMS\STSM\api.py:104]
2024-11-29 11:03:47,568 INFO: Fetching schema for table: teams [in C:\Users\utkuc\Desktop\Tobb Etü\3.Sýnýf 2.Dönem\BIL 372\PROJE\Git-STMS\STSM\api.py:129]
2024-11-29 11:03:50,735 INFO: Searching data in table teams with parameters {'team_id': '1'} [in C:\Users\utkuc\Desktop\Tobb Etü\3.Sýnýf 2.Dönem\BIL 372\PROJE\Git-STMS\STSM\api.py:239]
2024-11-29 11:03:51,743 INFO: Searching data in table teams with parameters {'team_id': '1'} [in C:\Users\utkuc\Desktop\Tobb Etü\3.Sýnýf 2.Dönem\BIL 372\PROJE\Git-STMS\STSM\api.py:239]
2024-11-29 11:03:51,929 INFO: Searching data in table teams with parameters {'team_id': '1'} [in C:\Users\utkuc\Desktop\Tobb Etü\3.Sýnýf 2.Dönem\BIL 372\PROJE\Git-STMS\STSM\api.py:239]
2024-11-29 11:06:18,309 INFO: Fetching data for table: referees_in_match [in C:\Users\utkuc\Desktop\Tobb Etü\3.Sýnýf 2.Dönem\BIL 372\PROJE\Git-STMS\STSM\api.py:104]
2024-11-29 11:06:18,309 INFO: Fetching schema for table: referees_in_match [in C:\Users\utkuc\Desktop\Tobb Etü\3.Sýnýf 2.Dönem\BIL 372\PROJE\Git-STMS\STSM\api.py:129]
2024-11-29 11:06:19,308 INFO: Fetching data for table: team_match_participation [in C:\Users\utkuc\Desktop\Tobb Etü\3.Sýnýf 2.Dönem\BIL 372\PROJE\Git-STMS\STSM\api.py:104]
2024-11-29 11:06:19,308 INFO: Fetching schema for table: team_match_participation [in C:\Users\utkuc\Desktop\Tobb Etü\3.Sýnýf 2.Dönem\BIL 372\PROJE\Git-STMS\STSM\api.py:129]
2024-11-29 11:06:20,404 INFO: Fetching data for table: players [in C:\Users\utkuc\Desktop\Tobb Etü\3.Sýnýf 2.Dönem\BIL 372\PROJE\Git-STMS\STSM\api.py:104]
2024-11-29 11:06:20,423 INFO: Fetching schema for table: players [in C:\Users\utkuc\Desktop\Tobb Etü\3.Sýnýf 2.Dönem\BIL 372\PROJE\Git-STMS\STSM\api.py:129]
2024-11-29 11:06:21,820 INFO: Fetching data for table: coaches [in C:\Users\utkuc\Desktop\Tobb Etü\3.Sýnýf 2.Dönem\BIL 372\PROJE\Git-STMS\STSM\api.py:104]
2024-11-29 11:06:21,820 INFO: Fetching schema for table: coaches [in C:\Users\utkuc\Desktop\Tobb Etü\3.Sýnýf 2.Dönem\BIL 372\PROJE\Git-STMS\STSM\api.py:129]
2024-11-29 11:06:56,617 INFO: Received request for /tables endpoint [in C:\Users\utkuc\Desktop\Tobb Etü\3.Sýnýf 2.Dönem\BIL 372\PROJE\Git-STMS\STSM\api.py:83]
2024-11-29 11:06:56,617 INFO: Returning tables: ['coaches', 'matches', 'players', 'referees', 'referees_in_match', 'sports', 'team_coached', 'team_match_participation', 'team_tournament_participation', 'teams', 'tournaments'] [in C:\Users\utkuc\Desktop\Tobb Etü\3.Sýnýf 2.Dönem\BIL 372\PROJE\Git-STMS\STSM\api.py:93]
2024-11-29 11:07:39,313 INFO: Fetching data for table: referees [in C:\Users\utkuc\Desktop\Tobb Etü\3.Sýnýf 2.Dönem\BIL 372\PROJE\Git-STMS\STSM\api.py:104]
2024-11-29 11:07:39,313 INFO: Fetching schema for table: referees [in C:\Users\utkuc\Desktop\Tobb Etü\3.Sýnýf 2.Dönem\BIL 372\PROJE\Git-STMS\STSM\api.py:129]
2024-11-29 11:07:40,146 INFO: Fetching data for table: players [in C:\Users\utkuc\Desktop\Tobb Etü\3.Sýnýf 2.Dönem\BIL 372\PROJE\Git-STMS\STSM\api.py:104]
2024-11-29 11:07:40,146 INFO: Fetching schema for table: players [in C:\Users\utkuc\Desktop\Tobb Etü\3.Sýnýf 2.Dönem\BIL 372\PROJE\Git-STMS\STSM\api.py:129]
2024-11-29 11:07:40,427 INFO: Fetching data for table: matches [in C:\Users\utkuc\Desktop\Tobb Etü\3.Sýnýf 2.Dönem\BIL 372\PROJE\Git-STMS\STSM\api.py:104]
2024-11-29 11:07:40,427 INFO: Fetching schema for table: matches [in C:\Users\utkuc\Desktop\Tobb Etü\3.Sýnýf 2.Dönem\BIL 372\PROJE\Git-STMS\STSM\api.py:129]
2024-11-29 11:07:42,074 INFO: Fetching data for table: players [in C:\Users\utkuc\Desktop\Tobb Etü\3.Sýnýf 2.Dönem\BIL 372\PROJE\Git-STMS\STSM\api.py:104]
2024-11-29 11:07:42,074 INFO: Fetching schema for table: players [in C:\Users\utkuc\Desktop\Tobb Etü\3.Sýnýf 2.Dönem\BIL 372\PROJE\Git-STMS\STSM\api.py:129]
2024-11-29 11:07:42,899 INFO: Fetching data for table: referees [in C:\Users\utkuc\Desktop\Tobb Etü\3.Sýnýf 2.Dönem\BIL 372\PROJE\Git-STMS\STSM\api.py:104]
2024-11-29 11:07:42,921 INFO: Fetching schema for table: referees [in C:\Users\utkuc\Desktop\Tobb Etü\3.Sýnýf 2.Dönem\BIL 372\PROJE\Git-STMS\STSM\api.py:129]
2024-11-29 11:07:43,851 INFO: Fetching data for table: players [in C:\Users\utkuc\Desktop\Tobb Etü\3.Sýnýf 2.Dönem\BIL 372\PROJE\Git-STMS\STSM\api.py:104]
2024-11-29 11:07:43,851 INFO: Fetching schema for table: players [in C:\Users\utkuc\Desktop\Tobb Etü\3.Sýnýf 2.Dönem\BIL 372\PROJE\Git-STMS\STSM\api.py:129]
2024-11-29 11:07:44,726 INFO: Fetching data for table: matches [in C:\Users\utkuc\Desktop\Tobb Etü\3.Sýnýf 2.Dönem\BIL 372\PROJE\Git-STMS\STSM\api.py:104]
2024-11-29 11:07:44,726 INFO: Fetching schema for table: matches [in C:\Users\utkuc\Desktop\Tobb Etü\3.Sýnýf 2.Dönem\BIL 372\PROJE\Git-STMS\STSM\api.py:129]
2024-11-29 11:07:51,412 INFO: Adding data to table matches: {'match_id': '1', 'tournament_id': '', 'match_date': '', 'location': '', 'teams_result': ''} [in C:\Users\utkuc\Desktop\Tobb Etü\3.Sýnýf 2.Dönem\BIL 372\PROJE\Git-STMS\STSM\api.py:153]
2024-11-29 11:07:51,412 ERROR: Error adding data to table matches: (1366, "Incorrect integer value: '' for column 'tournament_id' at row 1") [in C:\Users\utkuc\Desktop\Tobb Etü\3.Sýnýf 2.Dönem\BIL 372\PROJE\Git-STMS\STSM\api.py:171]
2024-11-29 11:08:00,341 INFO: Searching data in table matches with parameters {'match_id': '1', 'tournament_id': '1'} [in C:\Users\utkuc\Desktop\Tobb Etü\3.Sýnýf 2.Dönem\BIL 372\PROJE\Git-STMS\STSM\api.py:239]
2024-11-29 11:08:04,738 INFO: Adding data to table matches: {'match_id': '1', 'tournament_id': '1', 'match_date': '', 'location': '', 'teams_result': ''} [in C:\Users\utkuc\Desktop\Tobb Etü\3.Sýnýf 2.Dönem\BIL 372\PROJE\Git-STMS\STSM\api.py:153]
2024-11-29 11:08:04,738 ERROR: Error adding data to table matches: (1292, "Incorrect date value: '' for column 'match_date' at row 1") [in C:\Users\utkuc\Desktop\Tobb Etü\3.Sýnýf 2.Dönem\BIL 372\PROJE\Git-STMS\STSM\api.py:171]
2024-11-29 11:08:08,273 INFO: Fetching data for table: referees_in_match [in C:\Users\utkuc\Desktop\Tobb Etü\3.Sýnýf 2.Dönem\BIL 372\PROJE\Git-STMS\STSM\api.py:104]
2024-11-29 11:08:08,273 INFO: Fetching schema for table: referees_in_match [in C:\Users\utkuc\Desktop\Tobb Etü\3.Sýnýf 2.Dönem\BIL 372\PROJE\Git-STMS\STSM\api.py:129]
2024-11-29 11:08:14,037 INFO: Adding data to table referees_in_match: {'referee_id': '7', 'match_id': '1'} [in C:\Users\utkuc\Desktop\Tobb Etü\3.Sýnýf 2.Dönem\BIL 372\PROJE\Git-STMS\STSM\api.py:153]
2024-11-29 11:08:14,037 ERROR: Error adding data to table referees_in_match: (1062, "Duplicate entry '7-1' for key 'referees_in_match.PRIMARY'") [in C:\Users\utkuc\Desktop\Tobb Etü\3.Sýnýf 2.Dönem\BIL 372\PROJE\Git-STMS\STSM\api.py:171]
2024-11-29 11:08:18,391 INFO: Fetching data for table: team_coached [in C:\Users\utkuc\Desktop\Tobb Etü\3.Sýnýf 2.Dönem\BIL 372\PROJE\Git-STMS\STSM\api.py:104]
2024-11-29 11:08:18,391 INFO: Fetching schema for table: team_coached [in C:\Users\utkuc\Desktop\Tobb Etü\3.Sýnýf 2.Dönem\BIL 372\PROJE\Git-STMS\STSM\api.py:129]
2024-11-29 11:08:22,568 INFO: Fetching data for table: tournaments [in C:\Users\utkuc\Desktop\Tobb Etü\3.Sýnýf 2.Dönem\BIL 372\PROJE\Git-STMS\STSM\api.py:104]
2024-11-29 11:08:22,589 INFO: Fetching schema for table: tournaments [in C:\Users\utkuc\Desktop\Tobb Etü\3.Sýnýf 2.Dönem\BIL 372\PROJE\Git-STMS\STSM\api.py:129]
2024-11-29 11:08:22,589 INFO: Fetching data for table: tournaments [in C:\Users\utkuc\Desktop\Tobb Etü\3.Sýnýf 2.Dönem\BIL 372\PROJE\Git-STMS\STSM\api.py:104]
2024-11-29 11:08:24,143 INFO: Fetching data for table: matches [in C:\Users\utkuc\Desktop\Tobb Etü\3.Sýnýf 2.Dönem\BIL 372\PROJE\Git-STMS\STSM\api.py:104]
2024-11-29 11:08:24,164 INFO: Fetching schema for table: matches [in C:\Users\utkuc\Desktop\Tobb Etü\3.Sýnýf 2.Dönem\BIL 372\PROJE\Git-STMS\STSM\api.py:129]
2024-11-29 11:08:25,765 INFO: Fetching data for table: coaches [in C:\Users\utkuc\Desktop\Tobb Etü\3.Sýnýf 2.Dönem\BIL 372\PROJE\Git-STMS\STSM\api.py:104]
2024-11-29 11:08:25,765 INFO: Fetching schema for table: coaches [in C:\Users\utkuc\Desktop\Tobb Etü\3.Sýnýf 2.Dönem\BIL 372\PROJE\Git-STMS\STSM\api.py:129]
2024-11-29 11:08:41,297 INFO: Updating data in table coaches: {'coach_id': '1', 'first_name': 'Nur', 'last_name': 'Calhoun', 'experience_years': '29'} with key {'coach_id': 1} [in C:\Users\utkuc\Desktop\Tobb Etü\3.Sýnýf 2.Dönem\BIL 372\PROJE\Git-STMS\STSM\api.py:183]
2024-11-29 11:08:41,308 INFO: Data updated in table coaches [in C:\Users\utkuc\Desktop\Tobb Etü\3.Sýnýf 2.Dönem\BIL 372\PROJE\Git-STMS\STSM\api.py:199]
2024-11-29 11:08:41,575 INFO: Fetching data for table: coaches [in C:\Users\utkuc\Desktop\Tobb Etü\3.Sýnýf 2.Dönem\BIL 372\PROJE\Git-STMS\STSM\api.py:104]
2024-11-29 11:08:41,575 INFO: Fetching data for table: coaches [in C:\Users\utkuc\Desktop\Tobb Etü\3.Sýnýf 2.Dönem\BIL 372\PROJE\Git-STMS\STSM\api.py:104]
